<?xml version="1.0" encoding="UTF-8"?>
<testsuite xmlns:xsi="http://www.w3.org/2001/XMLSchema-instance" xsi:schemaLocation="https://maven.apache.org/surefire/maven-surefire-plugin/xsd/surefire-test-report.xsd" name="com.vam.task.TaskTest" time="2.775" tests="1" errors="1" skipped="0" failures="0">
  <properties>
[...]
</properties>
  <testcase name="taskTests" classname="com.vam.task.TaskTest" time="0.163">
    <error type="java.lang.NullPointerException">java.lang.NullPointerException
	at com.vam.task.TaskTest.taskTests(TaskTest.java:76)
</error>
    <system-out><![CDATA[INFO : org.springframework.test.context.support.DefaultTestContextBootstrapper - Loaded default TestExecutionListener class names from location [META-INF/spring.factories]: [org.springframework.test.context.web.ServletTestExecutionListener, org.springframework.test.context.support.DirtiesContextBeforeModesTestExecutionListener, org.springframework.test.context.support.DependencyInjectionTestExecutionListener, org.springframework.test.context.support.DirtiesContextTestExecutionListener, org.springframework.test.context.transaction.TransactionalTestExecutionListener, org.springframework.test.context.jdbc.SqlScriptsTestExecutionListener]
INFO : org.springframework.test.context.support.DefaultTestContextBootstrapper - Using TestExecutionListeners: [org.springframework.test.context.web.ServletTestExecutionListener@52feb982, org.springframework.test.context.support.DirtiesContextBeforeModesTestExecutionListener@7a765367, org.springframework.test.context.support.DependencyInjectionTestExecutionListener@76b0bfab, org.springframework.test.context.support.DirtiesContextTestExecutionListener@17d677df, org.springframework.test.context.transaction.TransactionalTestExecutionListener@3043fe0e, org.springframework.test.context.jdbc.SqlScriptsTestExecutionListener@78e67e0a]
INFO : org.springframework.beans.factory.xml.XmlBeanDefinitionReader - Loading XML bean definitions from URL [file:src/main/webapp/WEB-INF/spring/root-context.xml]
INFO : org.springframework.context.support.GenericApplicationContext - Refreshing org.springframework.context.support.GenericApplicationContext@1060b431: startup date [Thu Mar 02 13:58:22 KST 2023]; root of context hierarchy
INFO : org.springframework.beans.factory.annotation.AutowiredAnnotationBeanPostProcessor - JSR-330 'javax.inject.Inject' annotation found and supported for autowiring
INFO : com.zaxxer.hikari.HikariDataSource - HikariPool-1 - Starting...
WARN : com.zaxxer.hikari.util.DriverDataSource - Registered driver with driverClassName=oracle.jdbc.driver.OracleDriver was not found, trying direct instantiation.
INFO : com.zaxxer.hikari.HikariDataSource - HikariPool-1 - Start completed.
INFO : org.springframework.scheduling.annotation.ScheduledAnnotationBeanPostProcessor - No TaskScheduler/ScheduledExecutorService bean found for scheduled processing
fileList : 
========================================
checkFilePath : 
========================================
checkFilePath(??? ??? ?? ?? ?) : 
========================================
targetFile : 
]]></system-out>
  </testcase>
</testsuite>